{"/home/user/Desktop/Projects/recon-ai/apps/web/src/App.tsx": {"path":"/home/user/Desktop/Projects/recon-ai/apps/web/src/App.tsx","statementMap":{"0":{"start":{"line":27,"column":27},"end":{"line":29,"column":null}},"1":{"start":{"line":30,"column":28},"end":{"line":30,"column":59}},"2":{"start":{"line":33,"column":21},"end":{"line":33,"column":null}},"3":{"start":{"line":34,"column":2},"end":{"line":40,"column":null}},"4":{"start":{"line":45,"column":21},"end":{"line":45,"column":null}},"5":{"start":{"line":46,"column":2},"end":{"line":51,"column":null}},"6":{"start":{"line":56,"column":2},"end":{"line":56,"column":null}},"7":{"start":{"line":56,"column":37},"end":{"line":56,"column":null}},"8":{"start":{"line":57,"column":2},"end":{"line":57,"column":null}},"9":{"start":{"line":57,"column":43},"end":{"line":57,"column":null}},"10":{"start":{"line":58,"column":2},"end":{"line":58,"column":null}},"11":{"start":{"line":62,"column":2},"end":{"line":66,"column":null}},"12":{"start":{"line":63,"column":23},"end":{"line":63,"column":null}},"13":{"start":{"line":64,"column":29},"end":{"line":64,"column":null}},"14":{"start":{"line":65,"column":13},"end":{"line":65,"column":null}},"15":{"start":{"line":70,"column":44},"end":{"line":70,"column":null}},"16":{"start":{"line":73,"column":2},"end":{"line":83,"column":null}},"17":{"start":{"line":74,"column":4},"end":{"line":82,"column":null}},"18":{"start":{"line":86,"column":2},"end":{"line":96,"column":null}},"19":{"start":{"line":87,"column":4},"end":{"line":95,"column":null}},"20":{"start":{"line":99,"column":2},"end":{"line":108,"column":null}},"21":{"start":{"line":100,"column":4},"end":{"line":107,"column":null}},"22":{"start":{"line":110,"column":2},"end":{"line":110,"column":null}},"23":{"start":{"line":114,"column":2},"end":{"line":124,"column":null}},"24":{"start":{"line":129,"column":2},"end":{"line":154,"column":null}},"25":{"start":{"line":131,"column":6},"end":{"line":131,"column":null}},"26":{"start":{"line":133,"column":6},"end":{"line":133,"column":null}},"27":{"start":{"line":135,"column":6},"end":{"line":135,"column":null}},"28":{"start":{"line":137,"column":6},"end":{"line":137,"column":null}},"29":{"start":{"line":139,"column":6},"end":{"line":139,"column":null}},"30":{"start":{"line":141,"column":6},"end":{"line":141,"column":null}},"31":{"start":{"line":143,"column":6},"end":{"line":143,"column":null}},"32":{"start":{"line":145,"column":6},"end":{"line":145,"column":null}},"33":{"start":{"line":147,"column":6},"end":{"line":147,"column":null}},"34":{"start":{"line":149,"column":6},"end":{"line":149,"column":null}},"35":{"start":{"line":151,"column":6},"end":{"line":151,"column":null}},"36":{"start":{"line":153,"column":6},"end":{"line":153,"column":null}},"37":{"start":{"line":158,"column":40},"end":{"line":158,"column":null}},"38":{"start":{"line":159,"column":46},"end":{"line":159,"column":null}},"39":{"start":{"line":160,"column":34},"end":{"line":162,"column":null}},"40":{"start":{"line":161,"column":4},"end":{"line":161,"column":null}},"41":{"start":{"line":164,"column":2},"end":{"line":169,"column":null}},"42":{"start":{"line":165,"column":4},"end":{"line":165,"column":null}},"43":{"start":{"line":166,"column":4},"end":{"line":166,"column":null}},"44":{"start":{"line":167,"column":4},"end":{"line":167,"column":null}},"45":{"start":{"line":168,"column":4},"end":{"line":168,"column":null}},"46":{"start":{"line":171,"column":22},"end":{"line":175,"column":null}},"47":{"start":{"line":172,"column":4},"end":{"line":172,"column":null}},"48":{"start":{"line":173,"column":4},"end":{"line":173,"column":null}},"49":{"start":{"line":173,"column":21},"end":{"line":173,"column":76}},"50":{"start":{"line":174,"column":4},"end":{"line":174,"column":null}},"51":{"start":{"line":174,"column":21},"end":{"line":174,"column":23}},"52":{"start":{"line":177,"column":2},"end":{"line":247,"column":null}},"53":{"start":{"line":189,"column":23},"end":{"line":189,"column":null}},"54":{"start":{"line":191,"column":34},"end":{"line":193,"column":null}},"55":{"start":{"line":194,"column":24},"end":{"line":194,"column":null}},"56":{"start":{"line":195,"column":25},"end":{"line":195,"column":null}},"57":{"start":{"line":198,"column":8},"end":{"line":200,"column":null}},"58":{"start":{"line":199,"column":10},"end":{"line":199,"column":null}},"59":{"start":{"line":202,"column":8},"end":{"line":244,"column":null}},"60":{"start":{"line":214,"column":51},"end":{"line":214,"column":92}},"61":{"start":{"line":214,"column":80},"end":{"line":214,"column":92}},"62":{"start":{"line":227,"column":33},"end":{"line":227,"column":null}},"63":{"start":{"line":228,"column":20},"end":{"line":228,"column":null}},"64":{"start":{"line":228,"column":30},"end":{"line":228,"column":null}},"65":{"start":{"line":234,"column":50},"end":{"line":234,"column":null}}},"fnMap":{"0":{"name":"useAuth","decl":{"start":{"line":30,"column":16},"end":{"line":30,"column":26}},"loc":{"start":{"line":30,"column":26},"end":{"line":30,"column":null}}},"1":{"name":"AuthHeader","decl":{"start":{"line":32,"column":9},"end":{"line":32,"column":22}},"loc":{"start":{"line":32,"column":22},"end":{"line":42,"column":null}}},"2":{"name":"AuthFooter","decl":{"start":{"line":44,"column":9},"end":{"line":44,"column":22}},"loc":{"start":{"line":44,"column":22},"end":{"line":53,"column":null}}},"3":{"name":"getPersona","decl":{"start":{"line":55,"column":9},"end":{"line":55,"column":20}},"loc":{"start":{"line":55,"column":47},"end":{"line":59,"column":null}}},"4":{"name":"getDefaultView","decl":{"start":{"line":61,"column":9},"end":{"line":61,"column":24}},"loc":{"start":{"line":61,"column":52},"end":{"line":67,"column":null}}},"5":{"name":"buildNavItems","decl":{"start":{"line":69,"column":9},"end":{"line":69,"column":23}},"loc":{"start":{"line":69,"column":69},"end":{"line":111,"column":null}}},"6":{"name":"PlaceholderView","decl":{"start":{"line":113,"column":9},"end":{"line":113,"column":25}},"loc":{"start":{"line":113,"column":89},"end":{"line":126,"column":null}}},"7":{"name":"renderView","decl":{"start":{"line":128,"column":9},"end":{"line":128,"column":20}},"loc":{"start":{"line":128,"column":36},"end":{"line":155,"column":null}}},"8":{"name":"App","decl":{"start":{"line":157,"column":24},"end":{"line":157,"column":30}},"loc":{"start":{"line":157,"column":30},"end":{"line":249,"column":null}}},"9":{"name":"(anonymous_9)","decl":{"start":{"line":160,"column":43},"end":{"line":160,"column":49}},"loc":{"start":{"line":160,"column":49},"end":{"line":162,"column":3}}},"10":{"name":"(anonymous_10)","decl":{"start":{"line":164,"column":12},"end":{"line":164,"column":18}},"loc":{"start":{"line":164,"column":18},"end":{"line":169,"column":5}}},"11":{"name":"(anonymous_11)","decl":{"start":{"line":171,"column":22},"end":{"line":171,"column":28}},"loc":{"start":{"line":171,"column":28},"end":{"line":175,"column":null}}},"12":{"name":"(anonymous_12)","decl":{"start":{"line":173,"column":15},"end":{"line":173,"column":21}},"loc":{"start":{"line":173,"column":21},"end":{"line":173,"column":76}}},"13":{"name":"(anonymous_13)","decl":{"start":{"line":174,"column":16},"end":{"line":174,"column":21}},"loc":{"start":{"line":174,"column":21},"end":{"line":174,"column":23}}},"14":{"name":"(anonymous_14)","decl":{"start":{"line":188,"column":7},"end":{"line":188,"column":8}},"loc":{"start":{"line":188,"column":30},"end":{"line":246,"column":null}}},"15":{"name":"(anonymous_15)","decl":{"start":{"line":198,"column":18},"end":{"line":198,"column":24}},"loc":{"start":{"line":198,"column":24},"end":{"line":200,"column":11}}},"16":{"name":"(anonymous_16)","decl":{"start":{"line":214,"column":33},"end":{"line":214,"column":34}},"loc":{"start":{"line":214,"column":49},"end":{"line":214,"column":null}}},"17":{"name":"(anonymous_17)","decl":{"start":{"line":226,"column":28},"end":{"line":226,"column":29}},"loc":{"start":{"line":226,"column":44},"end":{"line":229,"column":null}}},"18":{"name":"(anonymous_18)","decl":{"start":{"line":234,"column":34},"end":{"line":234,"column":35}},"loc":{"start":{"line":234,"column":50},"end":{"line":234,"column":null}}}},"branchMap":{"0":{"loc":{"start":{"line":56,"column":2},"end":{"line":56,"column":null}},"type":"if","locations":[{"start":{"line":56,"column":2},"end":{"line":56,"column":null}},{"start":{},"end":{}}]},"1":{"loc":{"start":{"line":57,"column":2},"end":{"line":57,"column":null}},"type":"if","locations":[{"start":{"line":57,"column":2},"end":{"line":57,"column":null}},{"start":{},"end":{}}]},"2":{"loc":{"start":{"line":62,"column":2},"end":{"line":66,"column":null}},"type":"switch","locations":[{"start":{"line":63,"column":4},"end":{"line":63,"column":null}},{"start":{"line":64,"column":4},"end":{"line":64,"column":null}},{"start":{"line":65,"column":4},"end":{"line":65,"column":null}}]},"3":{"loc":{"start":{"line":73,"column":2},"end":{"line":83,"column":null}},"type":"if","locations":[{"start":{"line":73,"column":2},"end":{"line":83,"column":null}},{"start":{},"end":{}}]},"4":{"loc":{"start":{"line":73,"column":6},"end":{"line":73,"column":63}},"type":"binary-expr","locations":[{"start":{"line":73,"column":6},"end":{"line":73,"column":37}},{"start":{"line":73,"column":37},"end":{"line":73,"column":63}}]},"5":{"loc":{"start":{"line":86,"column":2},"end":{"line":96,"column":null}},"type":"if","locations":[{"start":{"line":86,"column":2},"end":{"line":96,"column":null}},{"start":{},"end":{}}]},"6":{"loc":{"start":{"line":86,"column":6},"end":{"line":86,"column":66}},"type":"binary-expr","locations":[{"start":{"line":86,"column":6},"end":{"line":86,"column":40}},{"start":{"line":86,"column":40},"end":{"line":86,"column":66}}]},"7":{"loc":{"start":{"line":99,"column":2},"end":{"line":108,"column":null}},"type":"if","locations":[{"start":{"line":99,"column":2},"end":{"line":108,"column":null}},{"start":{},"end":{}}]},"8":{"loc":{"start":{"line":129,"column":2},"end":{"line":154,"column":null}},"type":"switch","locations":[{"start":{"line":130,"column":4},"end":{"line":131,"column":null}},{"start":{"line":132,"column":4},"end":{"line":133,"column":null}},{"start":{"line":134,"column":4},"end":{"line":135,"column":null}},{"start":{"line":136,"column":4},"end":{"line":137,"column":null}},{"start":{"line":138,"column":4},"end":{"line":139,"column":null}},{"start":{"line":140,"column":4},"end":{"line":141,"column":null}},{"start":{"line":142,"column":4},"end":{"line":143,"column":null}},{"start":{"line":144,"column":4},"end":{"line":145,"column":null}},{"start":{"line":146,"column":4},"end":{"line":147,"column":null}},{"start":{"line":148,"column":4},"end":{"line":149,"column":null}},{"start":{"line":150,"column":4},"end":{"line":151,"column":null}},{"start":{"line":152,"column":4},"end":{"line":153,"column":null}}]},"9":{"loc":{"start":{"line":165,"column":14},"end":{"line":165,"column":47}},"type":"cond-expr","locations":[{"start":{"line":165,"column":25},"end":{"line":165,"column":37}},{"start":{"line":165,"column":37},"end":{"line":165,"column":47}}]},"10":{"loc":{"start":{"line":189,"column":23},"end":{"line":189,"column":null}},"type":"binary-expr","locations":[{"start":{"line":189,"column":23},"end":{"line":189,"column":55}},{"start":{"line":189,"column":55},"end":{"line":189,"column":73}},{"start":{"line":189,"column":73},"end":{"line":189,"column":null}}]},"11":{"loc":{"start":{"line":191,"column":34},"end":{"line":193,"column":null}},"type":"cond-expr","locations":[{"start":{"line":192,"column":14},"end":{"line":192,"column":null}},{"start":{"line":193,"column":12},"end":{"line":193,"column":null}}]},"12":{"loc":{"start":{"line":192,"column":14},"end":{"line":192,"column":null}},"type":"binary-expr","locations":[{"start":{"line":192,"column":14},"end":{"line":192,"column":128}},{"start":{"line":192,"column":128},"end":{"line":192,"column":null}}]},"13":{"loc":{"start":{"line":208,"column":42},"end":{"line":208,"column":71}},"type":"cond-expr","locations":[{"start":{"line":208,"column":53},"end":{"line":208,"column":63}},{"start":{"line":208,"column":63},"end":{"line":208,"column":71}}]},"14":{"loc":{"start":{"line":211,"column":26},"end":{"line":211,"column":null}},"type":"binary-expr","locations":[{"start":{"line":211,"column":26},"end":{"line":211,"column":36}},{"start":{"line":211,"column":36},"end":{"line":211,"column":null}}]},"15":{"loc":{"start":{"line":214,"column":51},"end":{"line":214,"column":92}},"type":"if","locations":[{"start":{"line":214,"column":51},"end":{"line":214,"column":92}},{"start":{},"end":{}}]},"16":{"loc":{"start":{"line":228,"column":20},"end":{"line":228,"column":null}},"type":"if","locations":[{"start":{"line":228,"column":20},"end":{"line":228,"column":null}},{"start":{},"end":{}}]}},"s":{"0":1,"1":0,"2":0,"3":0,"4":0,"5":0,"6":9,"7":0,"8":9,"9":0,"10":9,"11":8,"12":0,"13":0,"14":8,"15":9,"16":9,"17":9,"18":9,"19":0,"20":9,"21":0,"22":9,"23":9,"24":9,"25":9,"26":0,"27":0,"28":0,"29":0,"30":0,"31":0,"32":0,"33":0,"34":0,"35":0,"36":0,"37":9,"38":9,"39":9,"40":8,"41":9,"42":9,"43":9,"44":9,"45":9,"46":9,"47":1,"48":1,"49":0,"50":1,"51":1,"52":9,"53":9,"54":9,"55":9,"56":9,"57":9,"58":8,"59":9,"60":0,"61":0,"62":0,"63":0,"64":0,"65":0},"f":{"0":0,"1":0,"2":0,"3":9,"4":8,"5":9,"6":9,"7":9,"8":9,"9":8,"10":9,"11":1,"12":0,"13":1,"14":9,"15":8,"16":0,"17":0,"18":0},"b":{"0":[0,9],"1":[0,9],"2":[0,0,8],"3":[9,0],"4":[9,0],"5":[0,9],"6":[9,9],"7":[0,9],"8":[9,0,0,0,0,0,0,0,0,0,0,0],"9":[6,3],"10":[9,0,0],"11":[0,9],"12":[0,0],"13":[6,3],"14":[9,0],"15":[0,0],"16":[0,0]}}
,"/home/user/Desktop/Projects/recon-ai/apps/web/src/config/amplify.ts": {"path":"/home/user/Desktop/Projects/recon-ai/apps/web/src/config/amplify.ts","statementMap":{"0":{"start":{"line":3,"column":25},"end":{"line":8,"column":null}},"1":{"start":{"line":10,"column":25},"end":{"line":16,"column":null}},"2":{"start":{"line":18,"column":29},"end":{"line":37,"column":null}}},"fnMap":{},"branchMap":{"0":{"loc":{"start":{"line":4,"column":10},"end":{"line":4,"column":null}},"type":"binary-expr","locations":[{"start":{"line":4,"column":10},"end":{"line":4,"column":45}},{"start":{"line":4,"column":45},"end":{"line":4,"column":null}}]},"1":{"loc":{"start":{"line":5,"column":14},"end":{"line":5,"column":null}},"type":"binary-expr","locations":[{"start":{"line":5,"column":14},"end":{"line":5,"column":51}},{"start":{"line":5,"column":51},"end":{"line":5,"column":null}}]},"2":{"loc":{"start":{"line":6,"column":20},"end":{"line":6,"column":null}},"type":"binary-expr","locations":[{"start":{"line":6,"column":20},"end":{"line":6,"column":64}},{"start":{"line":6,"column":64},"end":{"line":6,"column":null}}]},"3":{"loc":{"start":{"line":7,"column":18},"end":{"line":7,"column":null}},"type":"binary-expr","locations":[{"start":{"line":7,"column":18},"end":{"line":7,"column":59}},{"start":{"line":7,"column":59},"end":{"line":7,"column":null}}]},"4":{"loc":{"start":{"line":11,"column":16},"end":{"line":11,"column":null}},"type":"binary-expr","locations":[{"start":{"line":11,"column":16},"end":{"line":11,"column":55}},{"start":{"line":11,"column":55},"end":{"line":11,"column":null}}]},"5":{"loc":{"start":{"line":12,"column":15},"end":{"line":12,"column":null}},"type":"binary-expr","locations":[{"start":{"line":12,"column":15},"end":{"line":12,"column":53}},{"start":{"line":12,"column":53},"end":{"line":12,"column":null}}]},"6":{"loc":{"start":{"line":13,"column":18},"end":{"line":13,"column":null}},"type":"binary-expr","locations":[{"start":{"line":13,"column":18},"end":{"line":13,"column":59}},{"start":{"line":13,"column":59},"end":{"line":13,"column":null}}]},"7":{"loc":{"start":{"line":14,"column":22},"end":{"line":14,"column":null}},"type":"binary-expr","locations":[{"start":{"line":14,"column":22},"end":{"line":14,"column":67}},{"start":{"line":14,"column":67},"end":{"line":14,"column":null}}]},"8":{"loc":{"start":{"line":15,"column":17},"end":{"line":15,"column":null}},"type":"binary-expr","locations":[{"start":{"line":15,"column":17},"end":{"line":15,"column":56}},{"start":{"line":15,"column":56},"end":{"line":15,"column":null}}]}},"s":{"0":1,"1":1,"2":1},"f":{},"b":{"0":[1,1],"1":[1,1],"2":[1,1],"3":[1,1],"4":[1,1],"5":[1,1],"6":[1,1],"7":[1,1],"8":[1,1]}}
}
